{"timestamp":"2024-09-16T10:53:43.3257321+02:00","level":"INFO","logger":"c.S.S.SpActuatorsLabApplication","thread":"main","message":"Starting SpActuatorsLabApplication using Java 21.0.3 with PID 19484 (C:\\Users\\Amalitech\\SpActuatorsLab\\target\\classes started by Amalitech in C:\\Users\\Amalitech\\SpActuatorsLab)"}
{"timestamp":"2024-09-16T10:53:43.3393865+02:00","level":"INFO","logger":"c.S.S.SpActuatorsLabApplication","thread":"main","message":"No active profile set, falling back to 1 default profile: \"default\""}
{"timestamp":"2024-09-16T10:53:44.106764+02:00","level":"INFO","logger":"o.s.d.r.c.RepositoryConfigurationDelegate","thread":"main","message":"Bootstrapping Spring Data JPA repositories in DEFAULT mode."}
{"timestamp":"2024-09-16T10:53:44.153108+02:00","level":"INFO","logger":"o.s.d.r.c.RepositoryConfigurationDelegate","thread":"main","message":"Finished Spring Data repository scanning in 37 ms. Found 1 JPA repository interface."}
{"timestamp":"2024-09-16T10:53:45.4341402+02:00","level":"INFO","logger":"o.s.b.w.e.tomcat.TomcatWebServer","thread":"main","message":"Tomcat initialized with port 2500 (http)"}
{"timestamp":"2024-09-16T10:53:45.4470006+02:00","level":"INFO","logger":"o.a.coyote.http11.Http11NioProtocol","thread":"main","message":"Initializing ProtocolHandler [\"http-nio-2500\"]"}
{"timestamp":"2024-09-16T10:53:45.4530007+02:00","level":"INFO","logger":"o.a.catalina.core.StandardService","thread":"main","message":"Starting service [Tomcat]"}
{"timestamp":"2024-09-16T10:53:45.4540015+02:00","level":"INFO","logger":"o.a.catalina.core.StandardEngine","thread":"main","message":"Starting Servlet engine: [Apache Tomcat/10.1.28]"}
{"timestamp":"2024-09-16T10:53:45.5427078+02:00","level":"INFO","logger":"o.a.c.c.C.[Tomcat].[localhost].[/]","thread":"main","message":"Initializing Spring embedded WebApplicationContext"}
{"timestamp":"2024-09-16T10:53:45.5436403+02:00","level":"INFO","logger":"o.s.b.w.s.c.ServletWebServerApplicationContext","thread":"main","message":"Root WebApplicationContext: initialization completed in 2130 ms"}
{"timestamp":"2024-09-16T10:53:45.6750192+02:00","level":"WARN","logger":"o.s.boot.actuate.endpoint.EndpointId","thread":"main","message":"Endpoint ID 'book-count' contains invalid characters, please migrate to a valid format."}
{"timestamp":"2024-09-16T10:53:45.8860419+02:00","level":"INFO","logger":"o.h.jpa.internal.util.LogHelper","thread":"main","message":"HHH000204: Processing PersistenceUnitInfo [name: default]"}
{"timestamp":"2024-09-16T10:53:45.9868293+02:00","level":"INFO","logger":"org.hibernate.Version","thread":"main","message":"HHH000412: Hibernate ORM core version 6.5.2.Final"}
{"timestamp":"2024-09-16T10:53:46.0310424+02:00","level":"INFO","logger":"o.h.c.i.RegionFactoryInitiator","thread":"main","message":"HHH000026: Second-level cache disabled"}
{"timestamp":"2024-09-16T10:53:46.412969+02:00","level":"INFO","logger":"o.s.o.j.p.SpringPersistenceUnitInfo","thread":"main","message":"No LoadTimeWeaver setup: ignoring JPA class transformer"}
{"timestamp":"2024-09-16T10:53:46.4524278+02:00","level":"INFO","logger":"com.zaxxer.hikari.HikariDataSource","thread":"main","message":"HikariPool-1 - Starting..."}
{"timestamp":"2024-09-16T10:53:46.7500128+02:00","level":"INFO","logger":"com.zaxxer.hikari.pool.HikariPool","thread":"main","message":"HikariPool-1 - Added connection org.postgresql.jdbc.PgConnection@c335b9"}
{"timestamp":"2024-09-16T10:53:46.751995+02:00","level":"INFO","logger":"com.zaxxer.hikari.HikariDataSource","thread":"main","message":"HikariPool-1 - Start completed."}
{"timestamp":"2024-09-16T10:53:46.8246719+02:00","level":"WARN","logger":"org.hibernate.orm.deprecation","thread":"main","message":"HHH90000025: PostgreSQLDialect does not need to be specified explicitly using 'hibernate.dialect' (remove the property setting and it will be selected by default)"}
{"timestamp":"2024-09-16T10:53:47.7548889+02:00","level":"INFO","logger":"o.h.e.t.j.p.i.JtaPlatformInitiator","thread":"main","message":"HHH000489: No JTA platform available (set 'hibernate.transaction.jta.platform' to enable JTA platform integration)"}
{"timestamp":"2024-09-16T10:53:47.9379519+02:00","level":"INFO","logger":"o.s.o.j.LocalContainerEntityManagerFactoryBean","thread":"main","message":"Initialized JPA EntityManagerFactory for persistence unit 'default'"}
{"timestamp":"2024-09-16T10:53:49.1229071+02:00","level":"WARN","logger":"o.s.b.a.o.j.JpaBaseConfiguration$JpaWebConfiguration","thread":"main","message":"spring.jpa.open-in-view is enabled by default. Therefore, database queries may be performed during view rendering. Explicitly configure spring.jpa.open-in-view to disable this warning"}
{"timestamp":"2024-09-16T10:53:49.4093666+02:00","level":"INFO","logger":"o.s.s.c.a.a.c.InitializeUserDetailsBeanManagerConfigurer$InitializeUserDetailsManagerConfigurer","thread":"main","message":"Global AuthenticationManager configured with UserDetailsService bean with name userDetailsService"}
{"timestamp":"2024-09-16T10:53:49.9092575+02:00","level":"INFO","logger":"o.s.b.a.e.web.EndpointLinksResolver","thread":"main","message":"Exposing 5 endpoints beneath base path '/actuator'"}
{"timestamp":"2024-09-16T10:53:50.3673734+02:00","level":"INFO","logger":"o.a.coyote.http11.Http11NioProtocol","thread":"main","message":"Starting ProtocolHandler [\"http-nio-2500\"]"}
{"timestamp":"2024-09-16T10:53:50.3972894+02:00","level":"INFO","logger":"o.s.b.w.e.tomcat.TomcatWebServer","thread":"main","message":"Tomcat started on port 2500 (http) with context path '/'"}
{"timestamp":"2024-09-16T10:53:50.4109301+02:00","level":"INFO","logger":"c.S.S.SpActuatorsLabApplication","thread":"main","message":"Started SpActuatorsLabApplication in 8.052 seconds (process running for 8.523)"}
{"timestamp":"2024-09-16T11:02:55.9600591+02:00","level":"INFO","logger":"o.s.o.j.LocalContainerEntityManagerFactoryBean","thread":"SpringApplicationShutdownHook","message":"Closing JPA EntityManagerFactory for persistence unit 'default'"}
{"timestamp":"2024-09-16T11:02:56.2160966+02:00","level":"INFO","logger":"com.zaxxer.hikari.HikariDataSource","thread":"SpringApplicationShutdownHook","message":"HikariPool-1 - Shutdown initiated..."}
{"timestamp":"2024-09-16T11:02:56.399065+02:00","level":"INFO","logger":"com.zaxxer.hikari.HikariDataSource","thread":"SpringApplicationShutdownHook","message":"HikariPool-1 - Shutdown completed."}
{"timestamp":"2024-09-16T11:03:38.6560445+02:00","level":"INFO","logger":"c.S.S.SpActuatorsLabApplication","thread":"main","message":"Starting SpActuatorsLabApplication using Java 21.0.3 with PID 13900 (C:\\Users\\Amalitech\\SpActuatorsLab\\target\\classes started by Amalitech in C:\\Users\\Amalitech\\SpActuatorsLab)"}
{"timestamp":"2024-09-16T11:03:38.6624064+02:00","level":"INFO","logger":"c.S.S.SpActuatorsLabApplication","thread":"main","message":"No active profile set, falling back to 1 default profile: \"default\""}
{"timestamp":"2024-09-16T11:03:39.4727458+02:00","level":"INFO","logger":"o.s.d.r.c.RepositoryConfigurationDelegate","thread":"main","message":"Bootstrapping Spring Data JPA repositories in DEFAULT mode."}
{"timestamp":"2024-09-16T11:03:39.5320147+02:00","level":"INFO","logger":"o.s.d.r.c.RepositoryConfigurationDelegate","thread":"main","message":"Finished Spring Data repository scanning in 48 ms. Found 1 JPA repository interface."}
{"timestamp":"2024-09-16T11:03:40.8059083+02:00","level":"INFO","logger":"o.s.b.w.e.tomcat.TomcatWebServer","thread":"main","message":"Tomcat initialized with port 2500 (http)"}
{"timestamp":"2024-09-16T11:03:40.8193202+02:00","level":"INFO","logger":"o.a.coyote.http11.Http11NioProtocol","thread":"main","message":"Initializing ProtocolHandler [\"http-nio-2500\"]"}
{"timestamp":"2024-09-16T11:03:40.8243233+02:00","level":"INFO","logger":"o.a.catalina.core.StandardService","thread":"main","message":"Starting service [Tomcat]"}
{"timestamp":"2024-09-16T11:03:40.8243233+02:00","level":"INFO","logger":"o.a.catalina.core.StandardEngine","thread":"main","message":"Starting Servlet engine: [Apache Tomcat/10.1.28]"}
{"timestamp":"2024-09-16T11:03:40.9094148+02:00","level":"INFO","logger":"o.a.c.c.C.[Tomcat].[localhost].[/]","thread":"main","message":"Initializing Spring embedded WebApplicationContext"}
{"timestamp":"2024-09-16T11:03:40.9114144+02:00","level":"INFO","logger":"o.s.b.w.s.c.ServletWebServerApplicationContext","thread":"main","message":"Root WebApplicationContext: initialization completed in 2184 ms"}
{"timestamp":"2024-09-16T11:03:41.0571918+02:00","level":"WARN","logger":"o.s.boot.actuate.endpoint.EndpointId","thread":"main","message":"Endpoint ID 'book-count' contains invalid characters, please migrate to a valid format."}
{"timestamp":"2024-09-16T11:03:41.3287543+02:00","level":"INFO","logger":"o.h.jpa.internal.util.LogHelper","thread":"main","message":"HHH000204: Processing PersistenceUnitInfo [name: default]"}
{"timestamp":"2024-09-16T11:03:41.4114212+02:00","level":"INFO","logger":"org.hibernate.Version","thread":"main","message":"HHH000412: Hibernate ORM core version 6.5.2.Final"}
{"timestamp":"2024-09-16T11:03:41.4547226+02:00","level":"INFO","logger":"o.h.c.i.RegionFactoryInitiator","thread":"main","message":"HHH000026: Second-level cache disabled"}
{"timestamp":"2024-09-16T11:03:41.8101544+02:00","level":"INFO","logger":"o.s.o.j.p.SpringPersistenceUnitInfo","thread":"main","message":"No LoadTimeWeaver setup: ignoring JPA class transformer"}
{"timestamp":"2024-09-16T11:03:41.8395111+02:00","level":"INFO","logger":"com.zaxxer.hikari.HikariDataSource","thread":"main","message":"HikariPool-1 - Starting..."}
{"timestamp":"2024-09-16T11:03:42.1411512+02:00","level":"INFO","logger":"com.zaxxer.hikari.pool.HikariPool","thread":"main","message":"HikariPool-1 - Added connection org.postgresql.jdbc.PgConnection@28c7fd9d"}
{"timestamp":"2024-09-16T11:03:42.148676+02:00","level":"INFO","logger":"com.zaxxer.hikari.HikariDataSource","thread":"main","message":"HikariPool-1 - Start completed."}
{"timestamp":"2024-09-16T11:03:42.2468481+02:00","level":"WARN","logger":"org.hibernate.orm.deprecation","thread":"main","message":"HHH90000025: PostgreSQLDialect does not need to be specified explicitly using 'hibernate.dialect' (remove the property setting and it will be selected by default)"}
{"timestamp":"2024-09-16T11:03:43.3592794+02:00","level":"INFO","logger":"o.h.e.t.j.p.i.JtaPlatformInitiator","thread":"main","message":"HHH000489: No JTA platform available (set 'hibernate.transaction.jta.platform' to enable JTA platform integration)"}
{"timestamp":"2024-09-16T11:03:43.4628935+02:00","level":"INFO","logger":"o.s.o.j.LocalContainerEntityManagerFactoryBean","thread":"main","message":"Initialized JPA EntityManagerFactory for persistence unit 'default'"}
{"timestamp":"2024-09-16T11:03:43.8343829+02:00","level":"WARN","logger":"o.s.b.a.o.j.JpaBaseConfiguration$JpaWebConfiguration","thread":"main","message":"spring.jpa.open-in-view is enabled by default. Therefore, database queries may be performed during view rendering. Explicitly configure spring.jpa.open-in-view to disable this warning"}
{"timestamp":"2024-09-16T11:03:44.0169917+02:00","level":"INFO","logger":"o.s.s.c.a.a.c.InitializeUserDetailsBeanManagerConfigurer$InitializeUserDetailsManagerConfigurer","thread":"main","message":"Global AuthenticationManager configured with UserDetailsService bean with name userDetailsService"}
{"timestamp":"2024-09-16T11:03:44.5491787+02:00","level":"INFO","logger":"o.s.b.a.e.web.EndpointLinksResolver","thread":"main","message":"Exposing 5 endpoints beneath base path '/actuator'"}
{"timestamp":"2024-09-16T11:03:45.0149111+02:00","level":"INFO","logger":"o.a.coyote.http11.Http11NioProtocol","thread":"main","message":"Starting ProtocolHandler [\"http-nio-2500\"]"}
{"timestamp":"2024-09-16T11:03:45.0482294+02:00","level":"INFO","logger":"o.s.b.w.e.tomcat.TomcatWebServer","thread":"main","message":"Tomcat started on port 2500 (http) with context path '/'"}
{"timestamp":"2024-09-16T11:03:45.0627276+02:00","level":"INFO","logger":"c.S.S.SpActuatorsLabApplication","thread":"main","message":"Started SpActuatorsLabApplication in 7.329 seconds (process running for 7.807)"}
{"timestamp":"2024-09-16T11:36:21.357134+02:00","level":"INFO","logger":"o.a.c.c.C.[Tomcat].[localhost].[/]","thread":"http-nio-2500-exec-3","message":"Initializing Spring DispatcherServlet 'dispatcherServlet'"}
{"timestamp":"2024-09-16T11:36:21.4141634+02:00","level":"INFO","logger":"o.s.web.servlet.DispatcherServlet","thread":"http-nio-2500-exec-3","message":"Initializing Servlet 'dispatcherServlet'"}
{"timestamp":"2024-09-16T11:36:21.6005382+02:00","level":"INFO","logger":"o.s.web.servlet.DispatcherServlet","thread":"http-nio-2500-exec-3","message":"Completed initialization in 180 ms"}
{"timestamp":"2024-09-16T12:56:27.9450693+02:00","level":"INFO","logger":"c.S.S.SpActuatorsLabApplication","thread":"main","message":"Starting SpActuatorsLabApplication using Java 21.0.3 with PID 15060 (C:\\Users\\Amalitech\\SpActuatorsLab\\target\\classes started by Amalitech in C:\\Users\\Amalitech\\SpActuatorsLab)"}
{"timestamp":"2024-09-16T12:56:27.9610692+02:00","level":"INFO","logger":"c.S.S.SpActuatorsLabApplication","thread":"main","message":"No active profile set, falling back to 1 default profile: \"default\""}
{"timestamp":"2024-09-16T12:56:29.4243083+02:00","level":"INFO","logger":"o.s.d.r.c.RepositoryConfigurationDelegate","thread":"main","message":"Bootstrapping Spring Data JPA repositories in DEFAULT mode."}
{"timestamp":"2024-09-16T12:56:29.519306+02:00","level":"INFO","logger":"o.s.d.r.c.RepositoryConfigurationDelegate","thread":"main","message":"Finished Spring Data repository scanning in 75 ms. Found 1 JPA repository interface."}
{"timestamp":"2024-09-16T12:56:31.4469662+02:00","level":"INFO","logger":"o.s.b.w.e.tomcat.TomcatWebServer","thread":"main","message":"Tomcat initialized with port 2500 (http)"}
{"timestamp":"2024-09-16T12:56:31.4641078+02:00","level":"INFO","logger":"o.a.coyote.http11.Http11NioProtocol","thread":"main","message":"Initializing ProtocolHandler [\"http-nio-2500\"]"}
{"timestamp":"2024-09-16T12:56:31.4720908+02:00","level":"INFO","logger":"o.a.catalina.core.StandardService","thread":"main","message":"Starting service [Tomcat]"}
{"timestamp":"2024-09-16T12:56:31.4730876+02:00","level":"INFO","logger":"o.a.catalina.core.StandardEngine","thread":"main","message":"Starting Servlet engine: [Apache Tomcat/10.1.28]"}
{"timestamp":"2024-09-16T12:56:31.5862876+02:00","level":"INFO","logger":"o.a.c.c.C.[Tomcat].[localhost].[/]","thread":"main","message":"Initializing Spring embedded WebApplicationContext"}
{"timestamp":"2024-09-16T12:56:31.588295+02:00","level":"INFO","logger":"o.s.b.w.s.c.ServletWebServerApplicationContext","thread":"main","message":"Root WebApplicationContext: initialization completed in 3513 ms"}
{"timestamp":"2024-09-16T12:56:31.7868406+02:00","level":"WARN","logger":"o.s.boot.actuate.endpoint.EndpointId","thread":"main","message":"Endpoint ID 'book-count' contains invalid characters, please migrate to a valid format."}
{"timestamp":"2024-09-16T12:56:32.0420183+02:00","level":"INFO","logger":"o.h.jpa.internal.util.LogHelper","thread":"main","message":"HHH000204: Processing PersistenceUnitInfo [name: default]"}
{"timestamp":"2024-09-16T12:56:32.1653748+02:00","level":"INFO","logger":"org.hibernate.Version","thread":"main","message":"HHH000412: Hibernate ORM core version 6.5.2.Final"}
{"timestamp":"2024-09-16T12:56:32.2303083+02:00","level":"INFO","logger":"o.h.c.i.RegionFactoryInitiator","thread":"main","message":"HHH000026: Second-level cache disabled"}
{"timestamp":"2024-09-16T12:56:32.7156622+02:00","level":"INFO","logger":"o.s.o.j.p.SpringPersistenceUnitInfo","thread":"main","message":"No LoadTimeWeaver setup: ignoring JPA class transformer"}
{"timestamp":"2024-09-16T12:56:32.757198+02:00","level":"INFO","logger":"com.zaxxer.hikari.HikariDataSource","thread":"main","message":"HikariPool-1 - Starting..."}
{"timestamp":"2024-09-16T12:56:33.0576153+02:00","level":"INFO","logger":"com.zaxxer.hikari.pool.HikariPool","thread":"main","message":"HikariPool-1 - Added connection org.postgresql.jdbc.PgConnection@7112fa5"}
{"timestamp":"2024-09-16T12:56:33.0596031+02:00","level":"INFO","logger":"com.zaxxer.hikari.HikariDataSource","thread":"main","message":"HikariPool-1 - Start completed."}
{"timestamp":"2024-09-16T12:56:33.140145+02:00","level":"WARN","logger":"org.hibernate.orm.deprecation","thread":"main","message":"HHH90000025: PostgreSQLDialect does not need to be specified explicitly using 'hibernate.dialect' (remove the property setting and it will be selected by default)"}
{"timestamp":"2024-09-16T12:56:34.4041222+02:00","level":"INFO","logger":"o.h.e.t.j.p.i.JtaPlatformInitiator","thread":"main","message":"HHH000489: No JTA platform available (set 'hibernate.transaction.jta.platform' to enable JTA platform integration)"}
{"timestamp":"2024-09-16T12:56:34.5610611+02:00","level":"INFO","logger":"o.s.o.j.LocalContainerEntityManagerFactoryBean","thread":"main","message":"Initialized JPA EntityManagerFactory for persistence unit 'default'"}
{"timestamp":"2024-09-16T12:56:35.0920928+02:00","level":"WARN","logger":"o.s.b.a.o.j.JpaBaseConfiguration$JpaWebConfiguration","thread":"main","message":"spring.jpa.open-in-view is enabled by default. Therefore, database queries may be performed during view rendering. Explicitly configure spring.jpa.open-in-view to disable this warning"}
{"timestamp":"2024-09-16T12:56:35.2976354+02:00","level":"INFO","logger":"o.s.s.c.a.a.c.InitializeUserDetailsBeanManagerConfigurer$InitializeUserDetailsManagerConfigurer","thread":"main","message":"Global AuthenticationManager configured with UserDetailsService bean with name userDetailsService"}
{"timestamp":"2024-09-16T12:56:35.904335+02:00","level":"INFO","logger":"o.s.b.a.e.web.EndpointLinksResolver","thread":"main","message":"Exposing 5 endpoints beneath base path '/actuator'"}
{"timestamp":"2024-09-16T12:56:36.6293311+02:00","level":"INFO","logger":"o.a.coyote.http11.Http11NioProtocol","thread":"main","message":"Starting ProtocolHandler [\"http-nio-2500\"]"}
{"timestamp":"2024-09-16T12:56:36.6618626+02:00","level":"INFO","logger":"o.s.b.w.e.tomcat.TomcatWebServer","thread":"main","message":"Tomcat started on port 2500 (http) with context path '/'"}
{"timestamp":"2024-09-16T12:56:36.6788945+02:00","level":"INFO","logger":"c.S.S.SpActuatorsLabApplication","thread":"main","message":"Started SpActuatorsLabApplication in 10.401 seconds (process running for 10.946)"}
{"timestamp":"2024-09-16T12:59:09.6496081+02:00","level":"INFO","logger":"o.s.o.j.LocalContainerEntityManagerFactoryBean","thread":"SpringApplicationShutdownHook","message":"Closing JPA EntityManagerFactory for persistence unit 'default'"}
{"timestamp":"2024-09-16T12:59:09.6556099+02:00","level":"INFO","logger":"com.zaxxer.hikari.HikariDataSource","thread":"SpringApplicationShutdownHook","message":"HikariPool-1 - Shutdown initiated..."}
{"timestamp":"2024-09-16T12:59:09.665054+02:00","level":"INFO","logger":"com.zaxxer.hikari.HikariDataSource","thread":"SpringApplicationShutdownHook","message":"HikariPool-1 - Shutdown completed."}
{"timestamp":"2024-09-16T12:59:36.0563722+02:00","level":"INFO","logger":"c.S.S.SpActuatorsLabApplication","thread":"main","message":"Starting SpActuatorsLabApplication using Java 21.0.3 with PID 19176 (C:\\Users\\Amalitech\\SpActuatorsLab\\target\\classes started by Amalitech in C:\\Users\\Amalitech\\SpActuatorsLab)"}
{"timestamp":"2024-09-16T12:59:36.0623825+02:00","level":"INFO","logger":"c.S.S.SpActuatorsLabApplication","thread":"main","message":"No active profile set, falling back to 1 default profile: \"default\""}
{"timestamp":"2024-09-16T12:59:36.6160629+02:00","level":"INFO","logger":"o.s.d.r.c.RepositoryConfigurationDelegate","thread":"main","message":"Bootstrapping Spring Data JPA repositories in DEFAULT mode."}
{"timestamp":"2024-09-16T12:59:36.6505999+02:00","level":"INFO","logger":"o.s.d.r.c.RepositoryConfigurationDelegate","thread":"main","message":"Finished Spring Data repository scanning in 29 ms. Found 1 JPA repository interface."}
{"timestamp":"2024-09-16T12:59:37.541407+02:00","level":"INFO","logger":"o.s.b.w.e.tomcat.TomcatWebServer","thread":"main","message":"Tomcat initialized with port 2500 (http)"}
{"timestamp":"2024-09-16T12:59:37.5563178+02:00","level":"INFO","logger":"o.a.coyote.http11.Http11NioProtocol","thread":"main","message":"Initializing ProtocolHandler [\"http-nio-2500\"]"}
{"timestamp":"2024-09-16T12:59:37.5623003+02:00","level":"INFO","logger":"o.a.catalina.core.StandardService","thread":"main","message":"Starting service [Tomcat]"}
{"timestamp":"2024-09-16T12:59:37.5633169+02:00","level":"INFO","logger":"o.a.catalina.core.StandardEngine","thread":"main","message":"Starting Servlet engine: [Apache Tomcat/10.1.28]"}
{"timestamp":"2024-09-16T12:59:37.6548483+02:00","level":"INFO","logger":"o.a.c.c.C.[Tomcat].[localhost].[/]","thread":"main","message":"Initializing Spring embedded WebApplicationContext"}
{"timestamp":"2024-09-16T12:59:37.6558474+02:00","level":"INFO","logger":"o.s.b.w.s.c.ServletWebServerApplicationContext","thread":"main","message":"Root WebApplicationContext: initialization completed in 1539 ms"}
{"timestamp":"2024-09-16T12:59:37.8146501+02:00","level":"WARN","logger":"o.s.boot.actuate.endpoint.EndpointId","thread":"main","message":"Endpoint ID 'book-count' contains invalid characters, please migrate to a valid format."}
{"timestamp":"2024-09-16T12:59:38.010721+02:00","level":"INFO","logger":"o.h.jpa.internal.util.LogHelper","thread":"main","message":"HHH000204: Processing PersistenceUnitInfo [name: default]"}
{"timestamp":"2024-09-16T12:59:38.1321692+02:00","level":"INFO","logger":"org.hibernate.Version","thread":"main","message":"HHH000412: Hibernate ORM core version 6.5.2.Final"}
{"timestamp":"2024-09-16T12:59:38.2015473+02:00","level":"INFO","logger":"o.h.c.i.RegionFactoryInitiator","thread":"main","message":"HHH000026: Second-level cache disabled"}
{"timestamp":"2024-09-16T12:59:38.5655914+02:00","level":"INFO","logger":"o.s.o.j.p.SpringPersistenceUnitInfo","thread":"main","message":"No LoadTimeWeaver setup: ignoring JPA class transformer"}
{"timestamp":"2024-09-16T12:59:38.5975601+02:00","level":"INFO","logger":"com.zaxxer.hikari.HikariDataSource","thread":"main","message":"HikariPool-1 - Starting..."}
{"timestamp":"2024-09-16T12:59:38.8217767+02:00","level":"INFO","logger":"com.zaxxer.hikari.pool.HikariPool","thread":"main","message":"HikariPool-1 - Added connection org.postgresql.jdbc.PgConnection@7b8fcdf2"}
{"timestamp":"2024-09-16T12:59:38.8227733+02:00","level":"INFO","logger":"com.zaxxer.hikari.HikariDataSource","thread":"main","message":"HikariPool-1 - Start completed."}
{"timestamp":"2024-09-16T12:59:38.8737913+02:00","level":"WARN","logger":"org.hibernate.orm.deprecation","thread":"main","message":"HHH90000025: PostgreSQLDialect does not need to be specified explicitly using 'hibernate.dialect' (remove the property setting and it will be selected by default)"}
{"timestamp":"2024-09-16T12:59:39.8401513+02:00","level":"INFO","logger":"o.h.e.t.j.p.i.JtaPlatformInitiator","thread":"main","message":"HHH000489: No JTA platform available (set 'hibernate.transaction.jta.platform' to enable JTA platform integration)"}
{"timestamp":"2024-09-16T12:59:39.8980043+02:00","level":"INFO","logger":"o.s.o.j.LocalContainerEntityManagerFactoryBean","thread":"main","message":"Initialized JPA EntityManagerFactory for persistence unit 'default'"}
{"timestamp":"2024-09-16T12:59:40.1982724+02:00","level":"WARN","logger":"o.s.b.a.o.j.JpaBaseConfiguration$JpaWebConfiguration","thread":"main","message":"spring.jpa.open-in-view is enabled by default. Therefore, database queries may be performed during view rendering. Explicitly configure spring.jpa.open-in-view to disable this warning"}
{"timestamp":"2024-09-16T12:59:40.3477846+02:00","level":"INFO","logger":"o.s.s.c.a.a.c.InitializeUserDetailsBeanManagerConfigurer$InitializeUserDetailsManagerConfigurer","thread":"main","message":"Global AuthenticationManager configured with UserDetailsService bean with name userDetailsService"}
{"timestamp":"2024-09-16T12:59:40.6657289+02:00","level":"INFO","logger":"o.s.b.a.e.web.EndpointLinksResolver","thread":"main","message":"Exposing 5 endpoints beneath base path '/actuator'"}
{"timestamp":"2024-09-16T12:59:41.0328402+02:00","level":"INFO","logger":"o.a.coyote.http11.Http11NioProtocol","thread":"main","message":"Starting ProtocolHandler [\"http-nio-2500\"]"}
{"timestamp":"2024-09-16T12:59:41.055558+02:00","level":"INFO","logger":"o.s.b.w.e.tomcat.TomcatWebServer","thread":"main","message":"Tomcat started on port 2500 (http) with context path '/'"}
{"timestamp":"2024-09-16T12:59:41.0685715+02:00","level":"INFO","logger":"c.S.S.SpActuatorsLabApplication","thread":"main","message":"Started SpActuatorsLabApplication in 5.851 seconds (process running for 6.245)"}
{"timestamp":"2024-09-16T13:07:50.6077527+02:00","level":"INFO","logger":"o.s.o.j.LocalContainerEntityManagerFactoryBean","thread":"SpringApplicationShutdownHook","message":"Closing JPA EntityManagerFactory for persistence unit 'default'"}
{"timestamp":"2024-09-16T13:07:50.8201763+02:00","level":"INFO","logger":"com.zaxxer.hikari.HikariDataSource","thread":"SpringApplicationShutdownHook","message":"HikariPool-1 - Shutdown initiated..."}
{"timestamp":"2024-09-16T13:07:51.017614+02:00","level":"INFO","logger":"com.zaxxer.hikari.HikariDataSource","thread":"SpringApplicationShutdownHook","message":"HikariPool-1 - Shutdown completed."}
{"timestamp":"2024-09-16T13:08:12.0340836+02:00","level":"INFO","logger":"c.S.S.SpActuatorsLabApplication","thread":"main","message":"Starting SpActuatorsLabApplication using Java 21.0.3 with PID 10312 (C:\\Users\\Amalitech\\SpActuatorsLab\\target\\classes started by Amalitech in C:\\Users\\Amalitech\\SpActuatorsLab)"}
{"timestamp":"2024-09-16T13:08:12.0460834+02:00","level":"INFO","logger":"c.S.S.SpActuatorsLabApplication","thread":"main","message":"No active profile set, falling back to 1 default profile: \"default\""}
{"timestamp":"2024-09-16T13:08:12.8816+02:00","level":"INFO","logger":"o.s.d.r.c.RepositoryConfigurationDelegate","thread":"main","message":"Bootstrapping Spring Data JPA repositories in DEFAULT mode."}
{"timestamp":"2024-09-16T13:08:12.9398677+02:00","level":"INFO","logger":"o.s.d.r.c.RepositoryConfigurationDelegate","thread":"main","message":"Finished Spring Data repository scanning in 46 ms. Found 1 JPA repository interface."}
{"timestamp":"2024-09-16T13:08:14.4218584+02:00","level":"INFO","logger":"o.s.b.w.e.tomcat.TomcatWebServer","thread":"main","message":"Tomcat initialized with port 2500 (http)"}
{"timestamp":"2024-09-16T13:08:14.4371728+02:00","level":"INFO","logger":"o.a.coyote.http11.Http11NioProtocol","thread":"main","message":"Initializing ProtocolHandler [\"http-nio-2500\"]"}
{"timestamp":"2024-09-16T13:08:14.4434486+02:00","level":"INFO","logger":"o.a.catalina.core.StandardService","thread":"main","message":"Starting service [Tomcat]"}
{"timestamp":"2024-09-16T13:08:14.4444991+02:00","level":"INFO","logger":"o.a.catalina.core.StandardEngine","thread":"main","message":"Starting Servlet engine: [Apache Tomcat/10.1.28]"}
{"timestamp":"2024-09-16T13:08:14.5443031+02:00","level":"INFO","logger":"o.a.c.c.C.[Tomcat].[localhost].[/]","thread":"main","message":"Initializing Spring embedded WebApplicationContext"}
{"timestamp":"2024-09-16T13:08:14.5452164+02:00","level":"INFO","logger":"o.s.b.w.s.c.ServletWebServerApplicationContext","thread":"main","message":"Root WebApplicationContext: initialization completed in 2423 ms"}
{"timestamp":"2024-09-16T13:08:14.7067589+02:00","level":"WARN","logger":"o.s.boot.actuate.endpoint.EndpointId","thread":"main","message":"Endpoint ID 'book-count' contains invalid characters, please migrate to a valid format."}
{"timestamp":"2024-09-16T13:08:14.8841261+02:00","level":"INFO","logger":"o.h.jpa.internal.util.LogHelper","thread":"main","message":"HHH000204: Processing PersistenceUnitInfo [name: default]"}
{"timestamp":"2024-09-16T13:08:14.9867752+02:00","level":"INFO","logger":"org.hibernate.Version","thread":"main","message":"HHH000412: Hibernate ORM core version 6.5.2.Final"}
{"timestamp":"2024-09-16T13:08:15.0537392+02:00","level":"INFO","logger":"o.h.c.i.RegionFactoryInitiator","thread":"main","message":"HHH000026: Second-level cache disabled"}
{"timestamp":"2024-09-16T13:08:15.6131993+02:00","level":"INFO","logger":"o.s.o.j.p.SpringPersistenceUnitInfo","thread":"main","message":"No LoadTimeWeaver setup: ignoring JPA class transformer"}
{"timestamp":"2024-09-16T13:08:15.6536951+02:00","level":"INFO","logger":"com.zaxxer.hikari.HikariDataSource","thread":"main","message":"HikariPool-1 - Starting..."}
{"timestamp":"2024-09-16T13:08:15.9913526+02:00","level":"INFO","logger":"com.zaxxer.hikari.pool.HikariPool","thread":"main","message":"HikariPool-1 - Added connection org.postgresql.jdbc.PgConnection@7112fa5"}
{"timestamp":"2024-09-16T13:08:15.993388+02:00","level":"INFO","logger":"com.zaxxer.hikari.HikariDataSource","thread":"main","message":"HikariPool-1 - Start completed."}
{"timestamp":"2024-09-16T13:08:16.0722301+02:00","level":"WARN","logger":"org.hibernate.orm.deprecation","thread":"main","message":"HHH90000025: PostgreSQLDialect does not need to be specified explicitly using 'hibernate.dialect' (remove the property setting and it will be selected by default)"}
{"timestamp":"2024-09-16T13:08:23.0914875+02:00","level":"INFO","logger":"o.h.e.t.j.p.i.JtaPlatformInitiator","thread":"main","message":"HHH000489: No JTA platform available (set 'hibernate.transaction.jta.platform' to enable JTA platform integration)"}
{"timestamp":"2024-09-16T13:08:23.2315004+02:00","level":"INFO","logger":"o.s.o.j.LocalContainerEntityManagerFactoryBean","thread":"main","message":"Initialized JPA EntityManagerFactory for persistence unit 'default'"}
{"timestamp":"2024-09-16T13:08:23.7395949+02:00","level":"WARN","logger":"o.s.b.a.o.j.JpaBaseConfiguration$JpaWebConfiguration","thread":"main","message":"spring.jpa.open-in-view is enabled by default. Therefore, database queries may be performed during view rendering. Explicitly configure spring.jpa.open-in-view to disable this warning"}
{"timestamp":"2024-09-16T13:08:23.8991268+02:00","level":"INFO","logger":"o.s.s.c.a.a.c.InitializeUserDetailsBeanManagerConfigurer$InitializeUserDetailsManagerConfigurer","thread":"main","message":"Global AuthenticationManager configured with UserDetailsService bean with name userDetailsService"}
{"timestamp":"2024-09-16T13:08:24.389173+02:00","level":"INFO","logger":"o.s.b.a.e.web.EndpointLinksResolver","thread":"main","message":"Exposing 5 endpoints beneath base path '/actuator'"}
{"timestamp":"2024-09-16T13:08:24.8473576+02:00","level":"INFO","logger":"o.a.coyote.http11.Http11NioProtocol","thread":"main","message":"Starting ProtocolHandler [\"http-nio-2500\"]"}
{"timestamp":"2024-09-16T13:08:24.8858534+02:00","level":"INFO","logger":"o.s.b.w.e.tomcat.TomcatWebServer","thread":"main","message":"Tomcat started on port 2500 (http) with context path '/'"}
{"timestamp":"2024-09-16T13:08:24.89577+02:00","level":"INFO","logger":"c.S.S.SpActuatorsLabApplication","thread":"main","message":"Started SpActuatorsLabApplication in 14.07 seconds (process running for 14.843)"}
{"timestamp":"2024-09-16T13:08:49.3470162+02:00","level":"INFO","logger":"o.a.c.c.C.[Tomcat].[localhost].[/]","thread":"http-nio-2500-exec-1","message":"Initializing Spring DispatcherServlet 'dispatcherServlet'"}
{"timestamp":"2024-09-16T13:08:49.3470162+02:00","level":"INFO","logger":"o.s.web.servlet.DispatcherServlet","thread":"http-nio-2500-exec-1","message":"Initializing Servlet 'dispatcherServlet'"}
{"timestamp":"2024-09-16T13:08:49.3491238+02:00","level":"INFO","logger":"o.s.web.servlet.DispatcherServlet","thread":"http-nio-2500-exec-1","message":"Completed initialization in 1 ms"}
{"timestamp":"2024-09-16T13:08:50.2042851+02:00","level":"INFO","logger":"c.S.S.actuator.BookCountEndpoint","thread":"http-nio-2500-exec-1","message":"Fetching total number of books: 4"}
{"timestamp":"2024-09-16T13:14:53.3586971+02:00","level":"INFO","logger":"c.S.S.actuator.BookCountEndpoint","thread":"http-nio-2500-exec-5","message":"Fetching total number of books: 4"}
{"timestamp":"2024-09-16T13:16:27.6995956+02:00","level":"INFO","logger":"o.s.o.j.LocalContainerEntityManagerFactoryBean","thread":"SpringApplicationShutdownHook","message":"Closing JPA EntityManagerFactory for persistence unit 'default'"}
{"timestamp":"2024-09-16T13:16:27.9360469+02:00","level":"INFO","logger":"com.zaxxer.hikari.HikariDataSource","thread":"SpringApplicationShutdownHook","message":"HikariPool-1 - Shutdown initiated..."}
{"timestamp":"2024-09-16T13:16:28.1400241+02:00","level":"INFO","logger":"com.zaxxer.hikari.HikariDataSource","thread":"SpringApplicationShutdownHook","message":"HikariPool-1 - Shutdown completed."}
